<?xml version="1.0" encoding="UTF-8"?>
<!-- Generated by org.testng.reporters.JUnitReportReporter -->
<testsuite hostname="DESKTOP-VRBAL0D" failures="0" tests="1" name="com.excelR.testcases.LoginPageTest" time="18.095" errors="0" timestamp="2022-11-15T21:11:08 IST" skipped="0">
  <testcase classname="com.excelR.testcases.LoginPageTest" name="validateLoginTest" time="18.095"/>
  <system-out/>
</testsuite> <!-- com.excelR.testcases.LoginPageTest -->
