<?xml version="1.0" encoding="UTF-8"?>
<!-- Generated by org.testng.reporters.JUnitReportReporter -->
<testsuite hostname="DESKTOP-VRBAL0D" failures="0" tests="1" name="com.excelR.testcases.LoginPageTest" time="19.594" errors="0" timestamp="2022-11-10T21:15:12 IST" skipped="0">
  <testcase classname="com.excelR.testcases.LoginPageTest" name="forgotPasswordTest" time="19.594"/>
  <system-out/>
</testsuite> <!-- com.excelR.testcases.LoginPageTest -->
